<?xml version="1.0" encoding="UTF-8"?>
<!-- Generated by org.testng.reporters.JUnitReportReporter -->
<testsuite skipped="0" hostname="DESKTOP-UR964I2" name="tests.DemoTests" tests="1" failures="0" timestamp="2021-02-04T21:35:16 CET" time="47.785" errors="0">
  <testcase name="DemoTest" time="47.785" classname="tests.DemoTests"/>
  <system-out/>
</testsuite> <!-- tests.DemoTests -->
